> git describe --tags --long --dirty --always

366b6d6-dirty


> git describe --all --long --dirty --always

heads/main-0-g366b6d6-dirty


> git branch --verbose --verbose --all

* main                366b6d6 [origin/main] Modified the deduplication algorithm
  remotes/origin/main 366b6d6 Modified the deduplication algorithm


> git remote --verbose

origin	https://github.com/iliemihai92/SustTransformers.git (fetch)
origin	https://github.com/iliemihai92/SustTransformers.git (push)


> git status

On branch main
Your branch is up to date with 'origin/main'.

Changes to be committed:
  (use "git restore --staged <file>..." to unstage)
	new file:   ../examples/explore_data.py
	new file:   ../examples/finetune_bert.py

Changes not staged for commit:
  (use "git add <file>..." to update what will be committed)
  (use "git restore <file>..." to discard changes in working directory)
	modified:   ../examples/finetune_bert.py

Untracked files:
  (use "git add <file>..." to include in what will be committed)
	../.DS_Store
	../.env/
	../.idea/
	../NEW_TEMPLATE_PROJECT/
	../examples/.DS_Store
	../examples/.finetune_bert.py.swo
	../examples/minh_lsh.py
	../preprocess/.DS_Store
	./


