> pip freeze --disable-pip-version-check

accelerate==0.29.2
aiohttp==3.9.4
aiosignal==1.3.1
albumentations==1.4.0
alembic==1.13.1
aniso8601==9.0.1
antlr4-python3-runtime==4.9.3
async-timeout==4.0.3
attrs==23.2.0
blinker==1.7.0
certifi==2024.2.2
charset-normalizer==3.3.2
click==8.1.7
cloudpickle==3.0.0
colorlog==6.8.2
contourpy==1.2.1
cycler==0.12.1
docker==7.0.0
entrypoints==0.4
exceptiongroup==1.2.0
filelock==3.13.4
fire==0.6.0
Flask==3.0.3
fonttools==4.51.0
frozenlist==1.4.1
fsspec==2024.3.1
gitdb==4.0.11
GitPython==3.1.43
graphene==3.3
graphql-core==3.2.3
graphql-relay==3.2.0
gunicorn==21.2.0
huggingface-hub==0.22.2
hydra-colorlog==1.2.0
hydra-core==1.3.2
idna==3.7
imageio==2.34.0
importlib_metadata==7.1.0
iniconfig==2.0.0
itsdangerous==2.1.2
Jinja2==3.1.3
joblib==1.4.0
kiwisolver==1.4.5
lazy_loader==0.4
lightning-utilities==0.3.0
Mako==1.3.3
Markdown==3.6
markdown-it-py==3.0.0
MarkupSafe==2.1.5
matplotlib==3.8.4
mdurl==0.1.2
mlflow==2.10.2
mpmath==1.3.0
multidict==6.0.5
networkx==3.3
numpy==1.26.4
omegaconf==2.3.0
opencv-python==4.9.0.80
opencv-python-headless==4.9.0.80
packaging==23.2
pandas==2.2.2
peft==0.10.0
pillow==10.3.0
pluggy==1.4.0
protobuf==4.25.3
psutil==5.9.8
pyarrow==15.0.2
Pygments==2.17.2
pynvml==11.5.0
pyparsing==3.1.2
pyrootutils==1.0.4
pytest==8.0.2
python-dateutil==2.9.0.post0
python-dotenv==1.0.1
pytorch-lightning==1.8.3
pytz==2023.4
PyYAML==6.0.1
qudida==0.0.4
querystring-parser==1.2.4
regex==2023.12.25
requests==2.31.0
rich==13.7.0
safetensors==0.4.3
scikit-image==0.23.1
scikit-learn==1.4.2
scipy==1.13.0
six==1.16.0
smmap==5.0.1
SQLAlchemy==2.0.29
sqlparse==0.5.0
sympy==1.12
tensorboardX==2.6.2.2
termcolor==2.4.0
threadpoolctl==3.4.0
tifffile==2024.2.12
tokenizers==0.15.2
tomli==2.0.1
torch==2.2.2
torchmetrics==0.11.4
torchvision==0.17.2
tqdm==4.66.2
transformers==4.37.2
typing_extensions==4.11.0
tzdata==2024.1
urllib3==2.2.1
Werkzeug==3.0.2
yarl==1.9.4
zipp==3.18.1


> pip freeze --disable-pip-version-check --user


